[2025-08-25 16:04:49] CREATE_APPOINTMENT id=1 patient_id=1936 doctor_id=2626 date=2025-08-29 time=10:00 duration=20 status=confirmed
[2025-08-27 12:19:10] CREATE_APPOINTMENT id=1 patient_id=1936 doctor_id=2626 date=2025-08-29 time=09:20 duration=20 status=confirmed
[2025-08-27 12:28:22] CREATE_APPOINTMENT id=2 patient_id=1938 doctor_id=2626 date=2025-08-29 time=09:40 duration=20 status=confirmed
[2025-09-09 13:13:42] UPDATE_APPOINTMENT id=1 patient_id=2 doctor_id=2626 date=2025-09-17 time=08:15 duration=15 status=confirmed
[2025-09-09 14:24:59] UPDATE_APPOINTMENT id=1 patient_id=2 doctor_id=2626 date=2025-09-17 time=08:00 duration=15 status=cancelled
[2025-09-09 14:28:16] UPDATE_APPOINTMENT id=1 patient_id=2 doctor_id=2626 date=2025-09-17 time=08:00 duration=15 status=confirmed
[2025-09-09 14:28:26] CANCEL_APPOINTMENT source=admin id=1 patient_id=2 doctor_id=2626 actor_id=1 actor_email=bvteamid@gmail.com status_before=confirmed
[2025-09-09 14:37:03] CREATE_APPOINTMENT id=2 patient_id=2 doctor_id=2626 date=2025-09-30 time=16:30 duration=30 status=confirmed
[2025-09-09 14:44:35] UPDATE_APPOINTMENT id=1 patient_id=2 doctor_id=2626 date=2025-09-17 time=08:00 duration=15 status=cancelled
[2025-09-09 14:57:27] CANCEL_APPOINTMENT source=admin id=2 patient_id=2 doctor_id=2626 actor_id=1 actor_email=bvteamid@gmail.com status_before=confirmed
[2025-09-09 15:04:47] UPDATE_APPOINTMENT id=2 patient_id=2 doctor_id=2626 date=2025-09-30 time=16:00 duration=30 status=confirmed
[2025-09-09 15:06:36] UPDATE_APPOINTMENT id=1 patient_id=2 doctor_id=2626 date=2025-09-17 time=08:00 duration=15 status=completed
[2025-09-09 15:06:50] UPDATE_APPOINTMENT id=1 patient_id=2 doctor_id=2626 date=2025-09-17 time=09:00 duration=15 status=confirmed
[2025-09-09 15:54:52] CANCEL_APPOINTMENT source=frontend id=1 patient_id=2 doctor_id=2626 actor_id=2 actor_email=baditoiudorin@gmail.com status_before=confirmed
[2025-09-09 15:55:43] UPDATE_APPOINTMENT id=1 patient_id=2 doctor_id=2626 date=2025-09-17 time=08:45 duration=15 status=cancelled
[2025-09-09 15:56:44] UPDATE_APPOINTMENT id=1 patient_id=2 doctor_id=2626 date=2025-09-17 time=08:30 duration=15 status=confirmed
[2025-09-09 15:56:56] CANCEL_APPOINTMENT source=admin id=1 patient_id=2 doctor_id=2626 actor_id=1 actor_email=bvteamid@gmail.com status_before=confirmed
[2025-09-10 14:36:08] UPDATE_APPOINTMENT id=2 patient_id=2 doctor_id=2626 date=2025-09-12 time=09:00 duration=30 status=confirmed
[2025-09-11 11:44:04] CREATE_APPOINTMENT id=3 patient_id=2 doctor_id=2626 date=2025-09-18 time=09:00 duration=20 status=confirmed
[2025-09-11 11:58:42] UPDATE_APPOINTMENT id=3 patient_id=2 doctor_id=2626 date=2025-09-11 time=13:20 duration=20 status=completed
[2025-09-11 12:02:17] UPDATE_APPOINTMENT id=3 patient_id=2 doctor_id=2626 date=2025-09-11 time=13:40 duration=20 status=completed
[2025-09-11 12:04:25] UPDATE_APPOINTMENT id=3 patient_id=2 doctor_id=2626 date=2025-09-11 time=13:20 duration=20 status=completed
[2025-09-11 12:06:55] UPDATE_APPOINTMENT id=3 patient_id=2 doctor_id=2626 date=2025-09-11 time=13:00 duration=20 status=confirmed
[2025-09-11 12:07:23] UPDATE_APPOINTMENT id=3 patient_id=2 doctor_id=2626 date=2025-09-11 time=12:20 duration=20 status=confirmed
[2025-09-11 13:13:52] UPDATE_APPOINTMENT id=3 patient_id=2 doctor_id=2626 date=2025-09-11 time=14:00 duration=20 status=completed
[2025-09-11 13:18:10] UPDATE_APPOINTMENT id=1 patient_id=2 doctor_id=2626 date=2025-09-11 time=14:30 duration=30 status=cancelled
[2025-09-11 13:43:51] UPDATE_APPOINTMENT id=1 patient_id=2 doctor_id=2626 date=2025-09-11 time=14:30 duration=30 status=confirmed
[2025-09-11 13:44:43] UPDATE_APPOINTMENT id=3 patient_id=2 doctor_id=2626 date=2025-09-11 time=15:00 duration=20 status=confirmed
[2025-09-11 13:58:06] CANCEL_APPOINTMENT source=frontend id=2 patient_id=2 doctor_id=2626 actor_id=2 actor_email=baditoiudorin@gmail.com status_before=confirmed
[2025-09-11 16:21:44] UPDATE_APPOINTMENT id=2 patient_id=2 doctor_id=2626 date=2025-09-12 time=08:30 duration=30 status=confirmed
[2025-09-11 16:41:52] CANCEL_APPOINTMENT source=admin id=2 patient_id=2 doctor_id=2626 actor_id=1 actor_email=bvteamid@gmail.com status_before=confirmed
[2025-09-11 16:42:53] UPDATE_APPOINTMENT id=2 patient_id=2 doctor_id=2626 date=2025-09-11 time=17:30 duration=30 status=confirmed
